<?xml version="1.0" encoding="UTF-8"?>
<testsuite xmlns:xsi="http://www.w3.org/2001/XMLSchema-instance" xsi:noNamespaceSchemaLocation="https://maven.apache.org/surefire/maven-surefire-plugin/xsd/surefire-test-report.xsd" name="org.demo.dubbo.provider.AppTest" time="0.02" tests="1" errors="0" skipped="0" failures="0">
  <properties>
    <property name="sun.desktop" value="windows"/>
    <property name="awt.toolkit" value="sun.awt.windows.WToolkit"/>
    <property name="file.encoding.pkg" value="sun.io"/>
    <property name="java.specification.version" value="1.8"/>
    <property name="sun.cpu.isalist" value="amd64"/>
    <property name="sun.jnu.encoding" value="GBK"/>
    <property name="java.class.path" value="D:\JAVA\java_project\aliyun_run_ok_proj\eclipse_project\demo-dubbo-provider\target\test-classes;D:\JAVA\java_project\aliyun_run_ok_proj\eclipse_project\demo-dubbo-provider\target\classes;D:\repository\org\apache\maven\plugins\maven-resources-plugin\2.4.3\maven-resources-plugin-2.4.3.jar;D:\repository\org\apache\maven\maven-plugin-api\2.0.6\maven-plugin-api-2.0.6.jar;D:\repository\org\apache\maven\maven-project\2.0.6\maven-project-2.0.6.jar;D:\repository\org\apache\maven\maven-profile\2.0.6\maven-profile-2.0.6.jar;D:\repository\org\apache\maven\maven-artifact-manager\2.0.6\maven-artifact-manager-2.0.6.jar;D:\repository\org\apache\maven\maven-plugin-registry\2.0.6\maven-plugin-registry-2.0.6.jar;D:\repository\org\apache\maven\maven-core\2.0.6\maven-core-2.0.6.jar;D:\repository\org\apache\maven\wagon\wagon-file\1.0-beta-2\wagon-file-1.0-beta-2.jar;D:\repository\org\apache\maven\maven-plugin-parameter-documenter\2.0.6\maven-plugin-parameter-documenter-2.0.6.jar;D:\repository\org\apache\maven\wagon\wagon-http-lightweight\1.0-beta-2\wagon-http-lightweight-1.0-beta-2.jar;D:\repository\org\apache\maven\wagon\wagon-http-shared\1.0-beta-2\wagon-http-shared-1.0-beta-2.jar;D:\repository\jtidy\jtidy\4aug2000r7-dev\jtidy-4aug2000r7-dev.jar;D:\repository\xml-apis\xml-apis\1.4.01\xml-apis-1.4.01.jar;D:\repository\org\apache\maven\reporting\maven-reporting-api\2.0.6\maven-reporting-api-2.0.6.jar;D:\repository\org\apache\maven\doxia\doxia-sink-api\1.0-alpha-7\doxia-sink-api-1.0-alpha-7.jar;D:\repository\org\apache\maven\wagon\wagon-provider-api\1.0-beta-2\wagon-provider-api-1.0-beta-2.jar;D:\repository\org\apache\maven\maven-repository-metadata\2.0.6\maven-repository-metadata-2.0.6.jar;D:\repository\org\apache\maven\maven-error-diagnostics\2.0.6\maven-error-diagnostics-2.0.6.jar;D:\repository\commons-cli\commons-cli\1.0\commons-cli-1.0.jar;D:\repository\org\apache\maven\wagon\wagon-ssh-external\1.0-beta-2\wagon-ssh-external-1.0-beta-2.jar;D:\repository\org\apache\maven\wagon\wagon-ssh-common\1.0-beta-2\wagon-ssh-common-1.0-beta-2.jar;D:\repository\org\apache\maven\maven-plugin-descriptor\2.0.6\maven-plugin-descriptor-2.0.6.jar;D:\repository\org\codehaus\plexus\plexus-interactivity-api\1.0-alpha-4\plexus-interactivity-api-1.0-alpha-4.jar;D:\repository\org\apache\maven\wagon\wagon-ssh\1.0-beta-2\wagon-ssh-1.0-beta-2.jar;D:\repository\com\jcraft\jsch\0.1.27\jsch-0.1.27.jar;D:\repository\classworlds\classworlds\1.1\classworlds-1.1.jar;D:\repository\org\apache\maven\maven-artifact\2.0.6\maven-artifact-2.0.6.jar;D:\repository\org\apache\maven\maven-settings\2.0.6\maven-settings-2.0.6.jar;D:\repository\org\apache\maven\maven-model\2.0.6\maven-model-2.0.6.jar;D:\repository\org\apache\maven\maven-monitor\2.0.6\maven-monitor-2.0.6.jar;D:\repository\org\codehaus\plexus\plexus-container-default\1.0-alpha-9-stable-1\plexus-container-default-1.0-alpha-9-stable-1.jar;D:\repository\org\codehaus\plexus\plexus-utils\2.0.5\plexus-utils-2.0.5.jar;D:\repository\org\apache\maven\shared\maven-filtering\1.0-beta-4\maven-filtering-1.0-beta-4.jar;D:\repository\org\sonatype\plexus\plexus-build-api\0.0.4\plexus-build-api-0.0.4.jar;D:\repository\org\codehaus\plexus\plexus-interpolation\1.13\plexus-interpolation-1.13.jar;D:\repository\junit\junit\3.8.1\junit-3.8.1.jar;D:\JAVA\java_project\aliyun_run_ok_proj\eclipse_project\demo-dubbo-api\target\demo-dubbo-api-0.0.1-SNAPSHOT.jar;D:\repository\org\springframework\boot\spring-boot-starter-web\2.0.1.RELEASE\spring-boot-starter-web-2.0.1.RELEASE.jar;D:\repository\org\springframework\boot\spring-boot-starter\2.0.1.RELEASE\spring-boot-starter-2.0.1.RELEASE.jar;D:\repository\org\springframework\boot\spring-boot\2.0.1.RELEASE\spring-boot-2.0.1.RELEASE.jar;D:\repository\org\springframework\boot\spring-boot-autoconfigure\2.0.1.RELEASE\spring-boot-autoconfigure-2.0.1.RELEASE.jar;D:\repository\org\springframework\boot\spring-boot-starter-logging\2.0.1.RELEASE\spring-boot-starter-logging-2.0.1.RELEASE.jar;D:\repository\ch\qos\logback\logback-classic\1.2.3\logback-classic-1.2.3.jar;D:\repository\ch\qos\logback\logback-core\1.2.3\logback-core-1.2.3.jar;D:\repository\org\apache\logging\log4j\log4j-to-slf4j\2.10.0\log4j-to-slf4j-2.10.0.jar;D:\repository\org\apache\logging\log4j\log4j-api\2.10.0\log4j-api-2.10.0.jar;D:\repository\org\slf4j\jul-to-slf4j\1.7.25\jul-to-slf4j-1.7.25.jar;D:\repository\javax\annotation\javax.annotation-api\1.3.2\javax.annotation-api-1.3.2.jar;D:\repository\org\springframework\spring-core\5.0.5.RELEASE\spring-core-5.0.5.RELEASE.jar;D:\repository\org\springframework\spring-jcl\5.0.5.RELEASE\spring-jcl-5.0.5.RELEASE.jar;D:\repository\org\yaml\snakeyaml\1.19\snakeyaml-1.19.jar;D:\repository\org\springframework\boot\spring-boot-starter-json\2.0.1.RELEASE\spring-boot-starter-json-2.0.1.RELEASE.jar;D:\repository\com\fasterxml\jackson\core\jackson-databind\2.9.5\jackson-databind-2.9.5.jar;D:\repository\com\fasterxml\jackson\core\jackson-annotations\2.9.0\jackson-annotations-2.9.0.jar;D:\repository\com\fasterxml\jackson\core\jackson-core\2.9.5\jackson-core-2.9.5.jar;D:\repository\com\fasterxml\jackson\datatype\jackson-datatype-jdk8\2.9.5\jackson-datatype-jdk8-2.9.5.jar;D:\repository\com\fasterxml\jackson\datatype\jackson-datatype-jsr310\2.9.5\jackson-datatype-jsr310-2.9.5.jar;D:\repository\com\fasterxml\jackson\module\jackson-module-parameter-names\2.9.5\jackson-module-parameter-names-2.9.5.jar;D:\repository\org\springframework\boot\spring-boot-starter-tomcat\2.0.1.RELEASE\spring-boot-starter-tomcat-2.0.1.RELEASE.jar;D:\repository\org\apache\tomcat\embed\tomcat-embed-core\8.5.29\tomcat-embed-core-8.5.29.jar;D:\repository\org\apache\tomcat\embed\tomcat-embed-el\8.5.29\tomcat-embed-el-8.5.29.jar;D:\repository\org\apache\tomcat\embed\tomcat-embed-websocket\8.5.29\tomcat-embed-websocket-8.5.29.jar;D:\repository\org\hibernate\validator\hibernate-validator\6.0.9.Final\hibernate-validator-6.0.9.Final.jar;D:\repository\javax\validation\validation-api\2.0.1.Final\validation-api-2.0.1.Final.jar;D:\repository\org\jboss\logging\jboss-logging\3.3.2.Final\jboss-logging-3.3.2.Final.jar;D:\repository\com\fasterxml\classmate\1.3.4\classmate-1.3.4.jar;D:\repository\org\springframework\spring-web\5.0.5.RELEASE\spring-web-5.0.5.RELEASE.jar;D:\repository\org\springframework\spring-beans\5.0.5.RELEASE\spring-beans-5.0.5.RELEASE.jar;D:\repository\org\springframework\spring-webmvc\5.0.5.RELEASE\spring-webmvc-5.0.5.RELEASE.jar;D:\repository\org\springframework\spring-aop\5.0.5.RELEASE\spring-aop-5.0.5.RELEASE.jar;D:\repository\org\springframework\spring-context\5.0.5.RELEASE\spring-context-5.0.5.RELEASE.jar;D:\repository\org\springframework\spring-expression\5.0.5.RELEASE\spring-expression-5.0.5.RELEASE.jar;D:\repository\com\alibaba\spring\boot\dubbo-spring-boot-starter\2.0.0\dubbo-spring-boot-starter-2.0.0.jar;D:\repository\com\alibaba\dubbo\2.6.0\dubbo-2.6.0.jar;D:\repository\org\javassist\javassist\3.20.0-GA\javassist-3.20.0-GA.jar;D:\repository\org\jboss\netty\netty\3.2.5.Final\netty-3.2.5.Final.jar;D:\repository\org\springframework\boot\spring-boot-starter-actuator\2.0.1.RELEASE\spring-boot-starter-actuator-2.0.1.RELEASE.jar;D:\repository\org\springframework\boot\spring-boot-actuator-autoconfigure\2.0.1.RELEASE\spring-boot-actuator-autoconfigure-2.0.1.RELEASE.jar;D:\repository\org\springframework\boot\spring-boot-actuator\2.0.1.RELEASE\spring-boot-actuator-2.0.1.RELEASE.jar;D:\repository\io\micrometer\micrometer-core\1.0.3\micrometer-core-1.0.3.jar;D:\repository\org\hdrhistogram\HdrHistogram\2.1.10\HdrHistogram-2.1.10.jar;D:\repository\org\latencyutils\LatencyUtils\2.0.3\LatencyUtils-2.0.3.jar;D:\repository\com\101tec\zkclient\0.10\zkclient-0.10.jar;D:\repository\org\slf4j\slf4j-api\1.7.25\slf4j-api-1.7.25.jar;D:\repository\org\apache\zookeeper\zookeeper\3.4.8\zookeeper-3.4.8.jar;D:\repository\org\slf4j\slf4j-log4j12\1.7.25\slf4j-log4j12-1.7.25.jar;D:\repository\log4j\log4j\1.2.16\log4j-1.2.16.jar;D:\repository\jline\jline\0.9.94\jline-0.9.94.jar;D:\repository\io\netty\netty\3.7.0.Final\netty-3.7.0.Final.jar;"/>
    <property name="java.vm.vendor" value="Oracle Corporation"/>
    <property name="sun.arch.data.model" value="64"/>
    <property name="user.variant" value=""/>
    <property name="java.vendor.url" value="http://java.oracle.com/"/>
    <property name="user.timezone" value=""/>
    <property name="java.vm.specification.version" value="1.8"/>
    <property name="os.name" value="Windows 10"/>
    <property name="user.country" value="CN"/>
    <property name="sun.java.launcher" value="SUN_STANDARD"/>
    <property name="sun.boot.library.path" value="C:\Program Files\Java\jdk1.8.0_111\jre\bin"/>
    <property name="sun.java.command" value="C:\Users\laizh\AppData\Local\Temp\surefire2057261574995929997\surefirebooter2085129340349083110.jar C:\Users\laizh\AppData\Local\Temp\surefire2057261574995929997 2018-11-15T22-41-19_611-jvmRun1 surefire3109314073502986750tmp surefire_18614836768442940148tmp"/>
    <property name="surefire.test.class.path" value="D:\JAVA\java_project\aliyun_run_ok_proj\eclipse_project\demo-dubbo-provider\target\test-classes;D:\JAVA\java_project\aliyun_run_ok_proj\eclipse_project\demo-dubbo-provider\target\classes;D:\repository\org\apache\maven\plugins\maven-resources-plugin\2.4.3\maven-resources-plugin-2.4.3.jar;D:\repository\org\apache\maven\maven-plugin-api\2.0.6\maven-plugin-api-2.0.6.jar;D:\repository\org\apache\maven\maven-project\2.0.6\maven-project-2.0.6.jar;D:\repository\org\apache\maven\maven-profile\2.0.6\maven-profile-2.0.6.jar;D:\repository\org\apache\maven\maven-artifact-manager\2.0.6\maven-artifact-manager-2.0.6.jar;D:\repository\org\apache\maven\maven-plugin-registry\2.0.6\maven-plugin-registry-2.0.6.jar;D:\repository\org\apache\maven\maven-core\2.0.6\maven-core-2.0.6.jar;D:\repository\org\apache\maven\wagon\wagon-file\1.0-beta-2\wagon-file-1.0-beta-2.jar;D:\repository\org\apache\maven\maven-plugin-parameter-documenter\2.0.6\maven-plugin-parameter-documenter-2.0.6.jar;D:\repository\org\apache\maven\wagon\wagon-http-lightweight\1.0-beta-2\wagon-http-lightweight-1.0-beta-2.jar;D:\repository\org\apache\maven\wagon\wagon-http-shared\1.0-beta-2\wagon-http-shared-1.0-beta-2.jar;D:\repository\jtidy\jtidy\4aug2000r7-dev\jtidy-4aug2000r7-dev.jar;D:\repository\xml-apis\xml-apis\1.4.01\xml-apis-1.4.01.jar;D:\repository\org\apache\maven\reporting\maven-reporting-api\2.0.6\maven-reporting-api-2.0.6.jar;D:\repository\org\apache\maven\doxia\doxia-sink-api\1.0-alpha-7\doxia-sink-api-1.0-alpha-7.jar;D:\repository\org\apache\maven\wagon\wagon-provider-api\1.0-beta-2\wagon-provider-api-1.0-beta-2.jar;D:\repository\org\apache\maven\maven-repository-metadata\2.0.6\maven-repository-metadata-2.0.6.jar;D:\repository\org\apache\maven\maven-error-diagnostics\2.0.6\maven-error-diagnostics-2.0.6.jar;D:\repository\commons-cli\commons-cli\1.0\commons-cli-1.0.jar;D:\repository\org\apache\maven\wagon\wagon-ssh-external\1.0-beta-2\wagon-ssh-external-1.0-beta-2.jar;D:\repository\org\apache\maven\wagon\wagon-ssh-common\1.0-beta-2\wagon-ssh-common-1.0-beta-2.jar;D:\repository\org\apache\maven\maven-plugin-descriptor\2.0.6\maven-plugin-descriptor-2.0.6.jar;D:\repository\org\codehaus\plexus\plexus-interactivity-api\1.0-alpha-4\plexus-interactivity-api-1.0-alpha-4.jar;D:\repository\org\apache\maven\wagon\wagon-ssh\1.0-beta-2\wagon-ssh-1.0-beta-2.jar;D:\repository\com\jcraft\jsch\0.1.27\jsch-0.1.27.jar;D:\repository\classworlds\classworlds\1.1\classworlds-1.1.jar;D:\repository\org\apache\maven\maven-artifact\2.0.6\maven-artifact-2.0.6.jar;D:\repository\org\apache\maven\maven-settings\2.0.6\maven-settings-2.0.6.jar;D:\repository\org\apache\maven\maven-model\2.0.6\maven-model-2.0.6.jar;D:\repository\org\apache\maven\maven-monitor\2.0.6\maven-monitor-2.0.6.jar;D:\repository\org\codehaus\plexus\plexus-container-default\1.0-alpha-9-stable-1\plexus-container-default-1.0-alpha-9-stable-1.jar;D:\repository\org\codehaus\plexus\plexus-utils\2.0.5\plexus-utils-2.0.5.jar;D:\repository\org\apache\maven\shared\maven-filtering\1.0-beta-4\maven-filtering-1.0-beta-4.jar;D:\repository\org\sonatype\plexus\plexus-build-api\0.0.4\plexus-build-api-0.0.4.jar;D:\repository\org\codehaus\plexus\plexus-interpolation\1.13\plexus-interpolation-1.13.jar;D:\repository\junit\junit\3.8.1\junit-3.8.1.jar;D:\JAVA\java_project\aliyun_run_ok_proj\eclipse_project\demo-dubbo-api\target\demo-dubbo-api-0.0.1-SNAPSHOT.jar;D:\repository\org\springframework\boot\spring-boot-starter-web\2.0.1.RELEASE\spring-boot-starter-web-2.0.1.RELEASE.jar;D:\repository\org\springframework\boot\spring-boot-starter\2.0.1.RELEASE\spring-boot-starter-2.0.1.RELEASE.jar;D:\repository\org\springframework\boot\spring-boot\2.0.1.RELEASE\spring-boot-2.0.1.RELEASE.jar;D:\repository\org\springframework\boot\spring-boot-autoconfigure\2.0.1.RELEASE\spring-boot-autoconfigure-2.0.1.RELEASE.jar;D:\repository\org\springframework\boot\spring-boot-starter-logging\2.0.1.RELEASE\spring-boot-starter-logging-2.0.1.RELEASE.jar;D:\repository\ch\qos\logback\logback-classic\1.2.3\logback-classic-1.2.3.jar;D:\repository\ch\qos\logback\logback-core\1.2.3\logback-core-1.2.3.jar;D:\repository\org\apache\logging\log4j\log4j-to-slf4j\2.10.0\log4j-to-slf4j-2.10.0.jar;D:\repository\org\apache\logging\log4j\log4j-api\2.10.0\log4j-api-2.10.0.jar;D:\repository\org\slf4j\jul-to-slf4j\1.7.25\jul-to-slf4j-1.7.25.jar;D:\repository\javax\annotation\javax.annotation-api\1.3.2\javax.annotation-api-1.3.2.jar;D:\repository\org\springframework\spring-core\5.0.5.RELEASE\spring-core-5.0.5.RELEASE.jar;D:\repository\org\springframework\spring-jcl\5.0.5.RELEASE\spring-jcl-5.0.5.RELEASE.jar;D:\repository\org\yaml\snakeyaml\1.19\snakeyaml-1.19.jar;D:\repository\org\springframework\boot\spring-boot-starter-json\2.0.1.RELEASE\spring-boot-starter-json-2.0.1.RELEASE.jar;D:\repository\com\fasterxml\jackson\core\jackson-databind\2.9.5\jackson-databind-2.9.5.jar;D:\repository\com\fasterxml\jackson\core\jackson-annotations\2.9.0\jackson-annotations-2.9.0.jar;D:\repository\com\fasterxml\jackson\core\jackson-core\2.9.5\jackson-core-2.9.5.jar;D:\repository\com\fasterxml\jackson\datatype\jackson-datatype-jdk8\2.9.5\jackson-datatype-jdk8-2.9.5.jar;D:\repository\com\fasterxml\jackson\datatype\jackson-datatype-jsr310\2.9.5\jackson-datatype-jsr310-2.9.5.jar;D:\repository\com\fasterxml\jackson\module\jackson-module-parameter-names\2.9.5\jackson-module-parameter-names-2.9.5.jar;D:\repository\org\springframework\boot\spring-boot-starter-tomcat\2.0.1.RELEASE\spring-boot-starter-tomcat-2.0.1.RELEASE.jar;D:\repository\org\apache\tomcat\embed\tomcat-embed-core\8.5.29\tomcat-embed-core-8.5.29.jar;D:\repository\org\apache\tomcat\embed\tomcat-embed-el\8.5.29\tomcat-embed-el-8.5.29.jar;D:\repository\org\apache\tomcat\embed\tomcat-embed-websocket\8.5.29\tomcat-embed-websocket-8.5.29.jar;D:\repository\org\hibernate\validator\hibernate-validator\6.0.9.Final\hibernate-validator-6.0.9.Final.jar;D:\repository\javax\validation\validation-api\2.0.1.Final\validation-api-2.0.1.Final.jar;D:\repository\org\jboss\logging\jboss-logging\3.3.2.Final\jboss-logging-3.3.2.Final.jar;D:\repository\com\fasterxml\classmate\1.3.4\classmate-1.3.4.jar;D:\repository\org\springframework\spring-web\5.0.5.RELEASE\spring-web-5.0.5.RELEASE.jar;D:\repository\org\springframework\spring-beans\5.0.5.RELEASE\spring-beans-5.0.5.RELEASE.jar;D:\repository\org\springframework\spring-webmvc\5.0.5.RELEASE\spring-webmvc-5.0.5.RELEASE.jar;D:\repository\org\springframework\spring-aop\5.0.5.RELEASE\spring-aop-5.0.5.RELEASE.jar;D:\repository\org\springframework\spring-context\5.0.5.RELEASE\spring-context-5.0.5.RELEASE.jar;D:\repository\org\springframework\spring-expression\5.0.5.RELEASE\spring-expression-5.0.5.RELEASE.jar;D:\repository\com\alibaba\spring\boot\dubbo-spring-boot-starter\2.0.0\dubbo-spring-boot-starter-2.0.0.jar;D:\repository\com\alibaba\dubbo\2.6.0\dubbo-2.6.0.jar;D:\repository\org\javassist\javassist\3.20.0-GA\javassist-3.20.0-GA.jar;D:\repository\org\jboss\netty\netty\3.2.5.Final\netty-3.2.5.Final.jar;D:\repository\org\springframework\boot\spring-boot-starter-actuator\2.0.1.RELEASE\spring-boot-starter-actuator-2.0.1.RELEASE.jar;D:\repository\org\springframework\boot\spring-boot-actuator-autoconfigure\2.0.1.RELEASE\spring-boot-actuator-autoconfigure-2.0.1.RELEASE.jar;D:\repository\org\springframework\boot\spring-boot-actuator\2.0.1.RELEASE\spring-boot-actuator-2.0.1.RELEASE.jar;D:\repository\io\micrometer\micrometer-core\1.0.3\micrometer-core-1.0.3.jar;D:\repository\org\hdrhistogram\HdrHistogram\2.1.10\HdrHistogram-2.1.10.jar;D:\repository\org\latencyutils\LatencyUtils\2.0.3\LatencyUtils-2.0.3.jar;D:\repository\com\101tec\zkclient\0.10\zkclient-0.10.jar;D:\repository\org\slf4j\slf4j-api\1.7.25\slf4j-api-1.7.25.jar;D:\repository\org\apache\zookeeper\zookeeper\3.4.8\zookeeper-3.4.8.jar;D:\repository\org\slf4j\slf4j-log4j12\1.7.25\slf4j-log4j12-1.7.25.jar;D:\repository\log4j\log4j\1.2.16\log4j-1.2.16.jar;D:\repository\jline\jline\0.9.94\jline-0.9.94.jar;D:\repository\io\netty\netty\3.7.0.Final\netty-3.7.0.Final.jar;"/>
    <property name="sun.cpu.endian" value="little"/>
    <property name="user.home" value="C:\Users\laizh"/>
    <property name="user.language" value="zh"/>
    <property name="java.specification.vendor" value="Oracle Corporation"/>
    <property name="java.home" value="C:\Program Files\Java\jdk1.8.0_111\jre"/>
    <property name="basedir" value="D:\JAVA\java_project\aliyun_run_ok_proj\eclipse_project\demo-dubbo-provider"/>
    <property name="file.separator" value="\"/>
    <property name="line.separator" value="&#10;"/>
    <property name="java.vm.specification.vendor" value="Oracle Corporation"/>
    <property name="java.specification.name" value="Java Platform API Specification"/>
    <property name="java.awt.graphicsenv" value="sun.awt.Win32GraphicsEnvironment"/>
    <property name="surefire.real.class.path" value="C:\Users\laizh\AppData\Local\Temp\surefire2057261574995929997\surefirebooter2085129340349083110.jar"/>
    <property name="sun.boot.class.path" value="C:\Program Files\Java\jdk1.8.0_111\jre\lib\resources.jar;C:\Program Files\Java\jdk1.8.0_111\jre\lib\rt.jar;C:\Program Files\Java\jdk1.8.0_111\jre\lib\sunrsasign.jar;C:\Program Files\Java\jdk1.8.0_111\jre\lib\jsse.jar;C:\Program Files\Java\jdk1.8.0_111\jre\lib\jce.jar;C:\Program Files\Java\jdk1.8.0_111\jre\lib\charsets.jar;C:\Program Files\Java\jdk1.8.0_111\jre\lib\jfr.jar;C:\Program Files\Java\jdk1.8.0_111\jre\classes"/>
    <property name="user.script" value=""/>
    <property name="sun.management.compiler" value="HotSpot 64-Bit Tiered Compilers"/>
    <property name="java.runtime.version" value="1.8.0_111-b14"/>
    <property name="user.name" value="laizh"/>
    <property name="path.separator" value=";"/>
    <property name="os.version" value="10.0"/>
    <property name="java.endorsed.dirs" value="C:\Program Files\Java\jdk1.8.0_111\jre\lib\endorsed"/>
    <property name="java.runtime.name" value="Java(TM) SE Runtime Environment"/>
    <property name="file.encoding" value="GBK"/>
    <property name="java.vm.name" value="Java HotSpot(TM) 64-Bit Server VM"/>
    <property name="localRepository" value="D:\repository"/>
    <property name="java.vendor.url.bug" value="http://bugreport.sun.com/bugreport/"/>
    <property name="java.io.tmpdir" value="C:\Users\laizh\AppData\Local\Temp\"/>
    <property name="java.version" value="1.8.0_111"/>
    <property name="user.dir" value="D:\JAVA\java_project\aliyun_run_ok_proj\eclipse_project\demo-dubbo-provider"/>
    <property name="os.arch" value="amd64"/>
    <property name="java.vm.specification.name" value="Java Virtual Machine Specification"/>
    <property name="java.awt.printerjob" value="sun.awt.windows.WPrinterJob"/>
    <property name="sun.os.patch.level" value=""/>
    <property name="java.library.path" value="C:\Program Files\Java\jdk1.8.0_111\jre\bin;C:\WINDOWS\Sun\Java\bin;C:\WINDOWS\system32;C:\WINDOWS;C:/Program Files/Java/jre1.8.0_181/bin/server;C:/Program Files/Java/jre1.8.0_181/bin;C:/Program Files/Java/jre1.8.0_181/lib/amd64;C:\Program Files (x86)\Common Files\Oracle\Java\javapath;C:\ProgramData\Oracle\Java\javapath;C:\WINDOWS\system32;C:\WINDOWS;C:\WINDOWS\System32\Wbem;C:\WINDOWS\System32\WindowsPowerShell\v1.0\;C:\WINDOWS\System32\OpenSSH\;C:\Program Files\Java\jdk1.8.0_111\bin;;C:\Program Files (x86)\Common Files\Thunder Network\KanKan\Codecs;C:\Users\laizh\AppData\Local\Microsoft\WindowsApps;C:\Program Files\Java\jdk1.8.0_111\bin;C:\Users\laizh\AppData\Local\GitHubDesktop\bin;C:\Program Files\eclipse;;."/>
    <property name="java.vm.info" value="mixed mode"/>
    <property name="java.vendor" value="Oracle Corporation"/>
    <property name="java.vm.version" value="25.111-b14"/>
    <property name="java.ext.dirs" value="C:\Program Files\Java\jdk1.8.0_111\jre\lib\ext;C:\WINDOWS\Sun\Java\lib\ext"/>
    <property name="sun.io.unicode.encoding" value="UnicodeLittle"/>
    <property name="java.class.version" value="52.0"/>
  </properties>
  <testcase name="testApp" classname="org.demo.dubbo.provider.AppTest" time="0.005"/>
</testsuite>